<?xml version="1.0" encoding="UTF-8"?>
<!-- Generated by org.testng.reporters.JUnitReportReporter -->
<testsuite hostname="Shree" failures="0" tests="2" name="TestCases.LoginTest" time="55.916" errors="0" timestamp="2024-10-06T20:42:43 IST" skipped="0">
  <testcase classname="TestCases.LoginTest" name="LoginFailureTest" time="40.141"/>
  <system-out/>
  <testcase classname="TestCases.LoginTest" name="Tc_02LoginSucessTest" time="15.775"/>
  <system-out/>
</testsuite> <!-- TestCases.LoginTest -->
