<?xml version="1.0" encoding="UTF-8"?>
<!-- Generated by org.testng.reporters.JUnitReportReporter -->
<testsuite hostname="Shree" failures="0" tests="1" name="grid.SeleniumGridExample" time="42.390" errors="0" timestamp="2024-10-19T19:59:06 IST" skipped="0">
  <testcase classname="grid.SeleniumGridExample" name="test1" time="42.390"/>
  <system-out/>
</testsuite> <!-- grid.SeleniumGridExample -->
