<?xml version="1.0" encoding="UTF-8"?>
<!-- Generated by org.testng.reporters.JUnitReportReporter -->
<testsuite hostname="Shree" failures="0" tests="6" name="TestCases.LoginTest" time="132.360" errors="0" timestamp="2024-10-20T18:06:36 IST" skipped="0">
  <testcase classname="TestCases.LoginTest" name="TC04_LoginSuccessTest" time="40.440"/>
  <system-out/>
  <testcase classname="TestCases.LoginTest" name="TC04_LoginSuccessTest" time="14.424"/>
  <system-out/>
  <testcase classname="TestCases.LoginTest" name="TC04_LoginSuccessTest" time="34.344"/>
  <system-out/>
  <testcase classname="TestCases.LoginTest" name="TC04_LoginSuccessTest" time="13.237"/>
  <system-out/>
  <testcase classname="TestCases.LoginTest" name="LoginFailureTest" time="12.762"/>
  <system-out/>
  <testcase classname="TestCases.LoginTest" name="Tc_02LoginSucessTest" time="17.153"/>
  <system-out/>
</testsuite> <!-- TestCases.LoginTest -->
