<?xml version="1.0" encoding="UTF-8"?>
<!-- Generated by org.testng.reporters.JUnitReportReporter -->
<testsuite hostname="SRIKANTH" failures="0" tests="1" name="TestCases.HomePageTest" time="2.401" errors="0" timestamp="2024-07-28T21:57:48 IST" skipped="0">
  <testcase classname="TestCases.HomePageTest" name="TC03_Homepage" time="2.401"/>
  <system-out/>
</testsuite> <!-- TestCases.HomePageTest -->
