<?xml version="1.0" encoding="UTF-8"?>
<!-- Generated by org.testng.reporters.JUnitReportReporter -->
<testsuite hostname="Shree" failures="0" tests="1" name="TestCases.HomePageTest" time="3.341" errors="0" timestamp="2024-10-19T22:34:52 IST" skipped="0">
  <testcase classname="TestCases.HomePageTest" name="TC03_Homepage" time="3.341"/>
  <system-out/>
</testsuite> <!-- TestCases.HomePageTest -->
